<?xml version="1.0" encoding="UTF-8"?>
<testng-results total="1" passed="1" failed="0" skipped="0">
  <reporter-output>
  </reporter-output>
  <suite started-at="2023-11-11T12:35:33Z" name="Default suite" finished-at="2023-11-11T12:35:53Z" duration-ms="20266">
    <groups>
    </groups>
    <test started-at="2023-11-11T12:35:33Z" name="Default test" finished-at="2023-11-11T12:35:53Z" duration-ms="20266">
      <class name="testngExamples1.Exp_wd_testng">
        <test-method is-config="true" signature="startUp()[pri:0, instance:testngExamples1.Exp_wd_testng@5bf0fe62]" started-at="2023-11-11T18:05:33Z" name="startUp" finished-at="2023-11-11T18:05:43Z" duration-ms="10084" status="PASS">
          <reporter-output>
          </reporter-output>
        </test-method> <!-- startUp -->
        <test-method signature="tc001()[pri:0, instance:testngExamples1.Exp_wd_testng@5bf0fe62]" started-at="2023-11-11T18:05:43Z" name="tc001" finished-at="2023-11-11T18:05:50Z" duration-ms="6784" status="PASS">
          <reporter-output>
          </reporter-output>
        </test-method> <!-- tc001 -->
        <test-method is-config="true" signature="tearDown()[pri:0, instance:testngExamples1.Exp_wd_testng@5bf0fe62]" started-at="2023-11-11T18:05:50Z" name="tearDown" finished-at="2023-11-11T18:05:53Z" duration-ms="3367" status="PASS">
          <reporter-output>
          </reporter-output>
        </test-method> <!-- tearDown -->
      </class> <!-- testngExamples1.Exp_wd_testng -->
    </test> <!-- Default test -->
  </suite> <!-- Default suite -->
</testng-results>
